<?xml version="1.0" encoding="UTF-8"?>
<!-- Generated by org.testng.reporters.JUnitXMLReporter -->
<testsuite hostname="qedge-PC" name="mytest" tests="5" failures="0" timestamp="15 Feb 2016 11:53:46 GMT" time="12.399" errors="0">
  <testcase name="login" time="8.742" classname="FrameworkScripts.Extends.Login"/>
  <testcase name="flightdetails" time="1.023" classname="FrameworkScripts.Extends.Flightdetails"/>
  <testcase name="selectflight" time="1.337" classname="FrameworkScripts.Extends.selectflight"/>
  <testcase name="bookaflight" time="1.206" classname="FrameworkScripts.Extends.BookAFlight"/>
  <testcase name="flightconformation" time="0.05" classname="FrameworkScripts.Extends.flightconformation"/>
</testsuite> <!-- mytest -->
