<?xml version="1.0" encoding="UTF-8"?>
<testng-results skipped="0" failed="0" total="1" passed="1">
  <reporter-output>
  </reporter-output>
  <suite name="Default suite" duration-ms="23540" started-at="2016-02-22T09:33:38Z" finished-at="2016-02-22T09:34:01Z">
    <groups>
    </groups>
    <test name="Default test" duration-ms="23540" started-at="2016-02-22T09:33:38Z" finished-at="2016-02-22T09:34:01Z">
      <class name="MyPracticeScripts.MultipleWindowsHandles">
        <test-method status="PASS" signature="setup()[pri:0, instance:MyPracticeScripts.MultipleWindowsHandles@5da7ed8f]" name="setup" is-config="true" duration-ms="5720" started-at="2016-02-22T15:03:38Z" finished-at="2016-02-22T15:03:44Z">
          <reporter-output>
          </reporter-output>
        </test-method> <!-- setup -->
        <test-method status="PASS" signature="MWindowsHandle()[pri:0, instance:MyPracticeScripts.MultipleWindowsHandles@5da7ed8f]" name="MWindowsHandle" duration-ms="17799" started-at="2016-02-22T15:03:44Z" finished-at="2016-02-22T15:04:01Z">
          <reporter-output>
          </reporter-output>
        </test-method> <!-- MWindowsHandle -->
      </class> <!-- MyPracticeScripts.MultipleWindowsHandles -->
    </test> <!-- Default test -->
  </suite> <!-- Default suite -->
</testng-results>
