<?xml version="1.0" encoding="UTF-8"?>
<testng-results skipped="0" failed="0" total="3" passed="3">
  <reporter-output>
  </reporter-output>
  <suite name="OrangeHRM Project Test Suit" duration-ms="90840" started-at="2016-02-04T11:45:28Z" finished-at="2016-02-04T11:46:59Z">
    <groups>
    </groups>
    <test name="OrangeHRM Project Test" duration-ms="90840" started-at="2016-02-04T11:45:28Z" finished-at="2016-02-04T11:46:59Z">
      <class name="com.orangeHRM.testsuite.LoginTest">
        <test-method status="PASS" signature="loginTest()[pri:0, instance:com.orangeHRM.testsuite.LoginTest@4a73d6bb]" name="loginTest" duration-ms="21574" started-at="2016-02-04T17:15:28Z" finished-at="2016-02-04T17:15:50Z">
          <reporter-output>
          </reporter-output>
        </test-method> <!-- loginTest -->
      </class> <!-- com.orangeHRM.testsuite.LoginTest -->
      <class name="com.orangeHRM.testsuite.AddEmployeeTest">
        <test-method status="PASS" signature="AddEmployeeTest()[pri:0, instance:com.orangeHRM.testsuite.AddEmployeeTest@405c7260]" name="AddEmployeeTest" duration-ms="63585" started-at="2016-02-04T17:15:50Z" finished-at="2016-02-04T17:16:53Z">
          <reporter-output>
          </reporter-output>
        </test-method> <!-- AddEmployeeTest -->
      </class> <!-- com.orangeHRM.testsuite.AddEmployeeTest -->
      <class name="com.orangeHRM.testsuite.LogoutTest">
        <test-method status="PASS" signature="logout()[pri:0, instance:com.orangeHRM.testsuite.LogoutTest@75591da2]" name="logout" duration-ms="5648" started-at="2016-02-04T17:16:53Z" finished-at="2016-02-04T17:16:59Z">
          <reporter-output>
          </reporter-output>
        </test-method> <!-- logout -->
      </class> <!-- com.orangeHRM.testsuite.LogoutTest -->
    </test> <!-- OrangeHRM Project Test -->
  </suite> <!-- OrangeHRM Project Test Suit -->
</testng-results>
