<?xml version="1.0" encoding="UTF-8"?>
<!-- Generated by org.testng.reporters.JUnitXMLReporter -->
<testsuite hostname="qedge-PC" name="OrangeHRM Project Test" tests="3" failures="0" timestamp="4 Feb 2016 11:46:59 GMT" time="90.84" errors="0">
  <testcase name="loginTest" time="21.574" classname="com.orangeHRM.testsuite.LoginTest"/>
  <testcase name="AddEmployeeTest" time="63.585" classname="com.orangeHRM.testsuite.AddEmployeeTest"/>
  <testcase name="logout" time="5.648" classname="com.orangeHRM.testsuite.LogoutTest"/>
</testsuite> <!-- OrangeHRM Project Test -->
